# JRE version: Java(TM) SE Runtime Environment (8.0_73-b02) (build 1.8.0_73-b02)
# Java VM: Java HotSpot(TM) 64-Bit Server VM (25.73-b02 mixed mode windows-amd64 compressed oops)
Heap:
 PSYoungGen      total 208384K, used 58348K [0x000000076b180000, 0x000000077cd00000, 0x00000007c0000000)
  eden space 192000K, 26% used [0x000000076b180000,0x000000076e318208,0x0000000776d00000)
  from space 16384K, 46% used [0x0000000776d00000,0x0000000777462f58,0x0000000777d00000)
  to   space 17408K, 0% used [0x000000077bc00000,0x000000077bc00000,0x000000077cd00000)
 ParOldGen       total 185856K, used 25712K [0x00000006c1400000, 0x00000006cc980000, 0x000000076b180000)
  object space 185856K, 13% used [0x00000006c1400000,0x00000006c2d1c1b0,0x00000006cc980000)
 Metaspace       used 39179K, capacity 39618K, committed 39936K, reserved 1083392K
  class space    used 5007K, capacity 5109K, committed 5120K, reserved 1048576K
GC Heap History (10 events):
Event: 3.890 GC heap before
{Heap before GC invocations=5 (full 1):
 PSYoungGen      total 141824K, used 10724K [0x000000076b180000, 0x0000000774680000, 0x00000007c0000000)
  eden space 131072K, 0% used [0x000000076b180000,0x000000076b180000,0x0000000773180000)
  from space 10752K, 99% used [0x0000000773c00000,0x0000000774679240,0x0000000774680000)
  to   space 10752K, 0% used [0x0000000773180000,0x0000000773180000,0x0000000773c00000)
 ParOldGen       total 175104K, used 9999K [0x00000006c1400000, 0x00000006cbf00000, 0x000000076b180000)
  object space 175104K, 5% used [0x00000006c1400000,0x00000006c1dc3e60,0x00000006cbf00000)
 Metaspace       used 20847K, capacity 21172K, committed 21296K, reserved 1069056K
  class space    used 2541K, capacity 2673K, committed 2688K, reserved 1048576K
Event: 3.956 GC heap after
Heap after GC invocations=5 (full 1):
 PSYoungGen      total 141824K, used 0K [0x000000076b180000, 0x0000000774680000, 0x00000007c0000000)
  eden space 131072K, 0% used [0x000000076b180000,0x000000076b180000,0x0000000773180000)
  from space 10752K, 0% used [0x0000000773c00000,0x0000000773c00000,0x0000000774680000)
  to   space 10752K, 0% used [0x0000000773180000,0x0000000773180000,0x0000000773c00000)
 ParOldGen       total 115200K, used 14483K [0x00000006c1400000, 0x00000006c8480000, 0x000000076b180000)
  object space 115200K, 12% used [0x00000006c1400000,0x00000006c2224ea0,0x00000006c8480000)
 Metaspace       used 20847K, capacity 21172K, committed 21296K, reserved 1069056K
  class space    used 2541K, capacity 2673K, committed 2688K, reserved 1048576K
}
Event: 6.325 GC heap before
{Heap before GC invocations=6 (full 1):
 PSYoungGen      total 141824K, used 131072K [0x000000076b180000, 0x0000000774680000, 0x00000007c0000000)
  eden space 131072K, 100% used [0x000000076b180000,0x0000000773180000,0x0000000773180000)
  from space 10752K, 0% used [0x0000000773c00000,0x0000000773c00000,0x0000000774680000)
  to   space 10752K, 0% used [0x0000000773180000,0x0000000773180000,0x0000000773c00000)
 ParOldGen       total 115200K, used 14483K [0x00000006c1400000, 0x00000006c8480000, 0x000000076b180000)
  object space 115200K, 12% used [0x00000006c1400000,0x00000006c2224ea0,0x00000006c8480000)
 Metaspace       used 28515K, capacity 28822K, committed 29056K, reserved 1075200K
  class space    used 3499K, capacity 3612K, committed 3712K, reserved 1048576K
Event: 6.343 GC heap after
Heap after GC invocations=6 (full 1):
 PSYoungGen      total 141824K, used 10751K [0x000000076b180000, 0x0000000778d00000, 0x00000007c0000000)
  eden space 131072K, 0% used [0x000000076b180000,0x000000076b180000,0x0000000773180000)
  from space 10752K, 99% used [0x0000000773180000,0x0000000773bffd78,0x0000000773c00000)
  to   space 14848K, 0% used [0x0000000777e80000,0x0000000777e80000,0x0000000778d00000)
 ParOldGen       total 115200K, used 15141K [0x00000006c1400000, 0x00000006c8480000, 0x000000076b180000)
  object space 115200K, 13% used [0x00000006c1400000,0x00000006c22c9728,0x00000006c8480000)
 Metaspace       used 28515K, capacity 28822K, committed 29056K, reserved 1075200K
  class space    used 3499K, capacity 3612K, committed 3712K, reserved 1048576K
}
Event: 7.995 GC heap before
{Heap before GC invocations=7 (full 1):
 PSYoungGen      total 141824K, used 125000K [0x000000076b180000, 0x0000000778d00000, 0x00000007c0000000)
  eden space 131072K, 87% used [0x000000076b180000,0x0000000772112518,0x0000000773180000)
  from space 10752K, 99% used [0x0000000773180000,0x0000000773bffd78,0x0000000773c00000)
  to   space 14848K, 0% used [0x0000000777e80000,0x0000000777e80000,0x0000000778d00000)
 ParOldGen       total 115200K, used 15141K [0x00000006c1400000, 0x00000006c8480000, 0x000000076b180000)
  object space 115200K, 13% used [0x00000006c1400000,0x00000006c22c9728,0x00000006c8480000)
 Metaspace       used 34887K, capacity 35212K, committed 35496K, reserved 1081344K
  class space    used 4446K, capacity 4517K, committed 4608K, reserved 1048576K
Event: 8.012 GC heap after
Heap after GC invocations=7 (full 1):
 PSYoungGen      total 206848K, used 14827K [0x000000076b180000, 0x0000000778d00000, 0x00000007c0000000)
  eden space 192000K, 0% used [0x000000076b180000,0x000000076b180000,0x0000000776d00000)
  from space 14848K, 99% used [0x0000000777e80000,0x0000000778cfacd0,0x0000000778d00000)
  to   space 16384K, 0% used [0x0000000776d00000,0x0000000776d00000,0x0000000777d00000)
 ParOldGen       total 115200K, used 16283K [0x00000006c1400000, 0x00000006c8480000, 0x000000076b180000)
  object space 115200K, 14% used [0x00000006c1400000,0x00000006c23e6fb0,0x00000006c8480000)
 Metaspace       used 34887K, capacity 35212K, committed 35496K, reserved 1081344K
  class space    used 4446K, capacity 4517K, committed 4608K, reserved 1048576K
}
Event: 8.012 GC heap before
{Heap before GC invocations=8 (full 2):
 PSYoungGen      total 206848K, used 14827K [0x000000076b180000, 0x0000000778d00000, 0x00000007c0000000)
  eden space 192000K, 0% used [0x000000076b180000,0x000000076b180000,0x0000000776d00000)
  from space 14848K, 99% used [0x0000000777e80000,0x0000000778cfacd0,0x0000000778d00000)
  to   space 16384K, 0% used [0x0000000776d00000,0x0000000776d00000,0x0000000777d00000)
 ParOldGen       total 115200K, used 16283K [0x00000006c1400000, 0x00000006c8480000, 0x000000076b180000)
  object space 115200K, 14% used [0x00000006c1400000,0x00000006c23e6fb0,0x00000006c8480000)
 Metaspace       used 34887K, capacity 35212K, committed 35496K, reserved 1081344K
  class space    used 4446K, capacity 4517K, committed 4608K, reserved 1048576K
Event: 8.126 GC heap after
Heap after GC invocations=8 (full 2):
 PSYoungGen      total 206848K, used 0K [0x000000076b180000, 0x0000000778d00000, 0x00000007c0000000)
  eden space 192000K, 0% used [0x000000076b180000,0x000000076b180000,0x0000000776d00000)
  from space 14848K, 0% used [0x0000000777e80000,0x0000000777e80000,0x0000000778d00000)
  to   space 16384K, 0% used [0x0000000776d00000,0x0000000776d00000,0x0000000777d00000)
 ParOldGen       total 185856K, used 25704K [0x00000006c1400000, 0x00000006cc980000, 0x000000076b180000)
  object space 185856K, 13% used [0x00000006c1400000,0x00000006c2d1a1b0,0x00000006cc980000)
 Metaspace       used 34887K, capacity 35212K, committed 35496K, reserved 1081344K
  class space    used 4446K, capacity 4517K, committed 4608K, reserved 1048576K
}
Event: 149.997 GC heap before
{Heap before GC invocations=9 (full 2):
 PSYoungGen      total 206848K, used 192000K [0x000000076b180000, 0x0000000778d00000, 0x00000007c0000000)
  eden space 192000K, 100% used [0x000000076b180000,0x0000000776d00000,0x0000000776d00000)
  from space 14848K, 0% used [0x0000000777e80000,0x0000000777e80000,0x0000000778d00000)
  to   space 16384K, 0% used [0x0000000776d00000,0x0000000776d00000,0x0000000777d00000)
 ParOldGen       total 185856K, used 25704K [0x00000006c1400000, 0x00000006cc980000, 0x000000076b180000)
  object space 185856K, 13% used [0x00000006c1400000,0x00000006c2d1a1b0,0x00000006cc980000)
 Metaspace       used 39123K, capacity 39618K, committed 39936K, reserved 1083392K
  class space    used 5001K, capacity 5109K, committed 5120K, reserved 1048576K
Event: 150.027 GC heap after
Heap after GC invocations=9 (full 2):
 PSYoungGen      total 208384K, used 7563K [0x000000076b180000, 0x000000077cd00000, 0x00000007c0000000)
  eden space 192000K, 0% used [0x000000076b180000,0x000000076b180000,0x0000000776d00000)
  from space 16384K, 46% used [0x0000000776d00000,0x0000000777462f58,0x0000000777d00000)
  to   space 17408K, 0% used [0x000000077bc00000,0x000000077bc00000,0x000000077cd00000)
 ParOldGen       total 185856K, used 25712K [0x00000006c1400000, 0x00000006cc980000, 0x000000076b180000)
  object space 185856K, 13% used [0x00000006c1400000,0x00000006c2d1c1b0,0x00000006cc980000)
 Metaspace       used 39123K, capacity 39618K, committed 39936K, reserved 1083392K
  class space    used 5001K, capacity 5109K, committed 5120K, reserved 1048576K
}

